Determining size of off64_t failed with the following output:
Change Dir: C:/Users/has163/DESKTOP/lab3/build/CMakeFiles/CMakeTmp

Run Build Command:"C:/Program Files (x86)/Microsoft Visual Studio/2017/Professional/MSBuild/15.0/Bin/MSBuild.exe" "cmTC_e326d.vcxproj" "/p:Configuration=Debug" "/p:VisualStudioVersion=15.0"
Microsoft (R) Build Engine version 15.6.82.30579 for .NET Framework
Copyright (C) Microsoft Corporation. All rights reserved.

Build started 11/5/2020 3:58:21 PM.
Project "C:\Users\has163\DESKTOP\lab3\build\CMakeFiles\CMakeTmp\cmTC_e326d.vcxproj" on node 1 (default targets).
PrepareForBuild:
  Creating directory "cmTC_e326d.dir\Debug\".
  Creating directory "C:\Users\has163\DESKTOP\lab3\build\CMakeFiles\CMakeTmp\Debug\".
  Creating directory "cmTC_e326d.dir\Debug\cmTC_e326d.tlog\".
InitializeBuildStatus:
  Creating "cmTC_e326d.dir\Debug\cmTC_e326d.tlog\unsuccessfulbuild" because "AlwaysCreate" was specified.
ClCompile:
  C:\Program Files (x86)\Microsoft Visual Studio\2017\Professional\VC\Tools\MSVC\14.13.26128\bin\HostX86\x64\CL.exe /c /Zi /W3 /WX- /diagnostics:classic /Od /Ob0 /D WIN32 /D _WINDOWS /D _LARGEFILE64_SOURCE=1 /D HAVE_SYS_TYPES_H /D HAVE_STDINT_H /D HAVE_STDDEF_H /D "CMAKE_INTDIR=\"Debug\"" /D _MBCS /Gm- /RTC1 /MDd /GS /fp:precise /Zc:wchar_t /Zc:forScope /Zc:inline /Fo"cmTC_e326d.dir\Debug\\" /Fd"cmTC_e326d.dir\Debug\vc141.pdb" /Gd /TC /FC /errorReport:queue C:\Users\has163\DESKTOP\lab3\build\CMakeFiles\CheckTypeSize\OFF64_T.c
  Microsoft (R) C/C++ Optimizing Compiler Version 19.13.26128 for x64
  Copyright (C) Microsoft Corporation.  All rights reserved.
  
  cl /c /Zi /W3 /WX- /diagnostics:classic /Od /Ob0 /D WIN32 /D _WINDOWS /D _LARGEFILE64_SOURCE=1 /D HAVE_SYS_TYPES_H /D HAVE_STDINT_H /D HAVE_STDDEF_H /D "CMAKE_INTDIR=\"Debug\"" /D _MBCS /Gm- /RTC1 /MDd /GS /fp:precise /Zc:wchar_t /Zc:forScope /Zc:inline /Fo"cmTC_e326d.dir\Debug\\" /Fd"cmTC_e326d.dir\Debug\vc141.pdb" /Gd /TC /FC /errorReport:queue C:\Users\has163\DESKTOP\lab3\build\CMakeFiles\CheckTypeSize\OFF64_T.c
  OFF64_T.c
  
c:\users\has163\desktop\lab3\build\cmakefiles\checktypesize\off64_t.c(25): error C2065: 'off64_t': undeclared identifier [C:\Users\has163\DESKTOP\lab3\build\CMakeFiles\CMakeTmp\cmTC_e326d.vcxproj]
c:\users\has163\desktop\lab3\build\cmakefiles\checktypesize\off64_t.c(26): error C2065: 'off64_t': undeclared identifier [C:\Users\has163\DESKTOP\lab3\build\CMakeFiles\CMakeTmp\cmTC_e326d.vcxproj]
c:\users\has163\desktop\lab3\build\cmakefiles\checktypesize\off64_t.c(27): error C2065: 'off64_t': undeclared identifier [C:\Users\has163\DESKTOP\lab3\build\CMakeFiles\CMakeTmp\cmTC_e326d.vcxproj]
c:\users\has163\desktop\lab3\build\cmakefiles\checktypesize\off64_t.c(28): error C2065: 'off64_t': undeclared identifier [C:\Users\has163\DESKTOP\lab3\build\CMakeFiles\CMakeTmp\cmTC_e326d.vcxproj]
c:\users\has163\desktop\lab3\build\cmakefiles\checktypesize\off64_t.c(29): error C2065: 'off64_t': undeclared identifier [C:\Users\has163\DESKTOP\lab3\build\CMakeFiles\CMakeTmp\cmTC_e326d.vcxproj]
Done Building Project "C:\Users\has163\DESKTOP\lab3\build\CMakeFiles\CMakeTmp\cmTC_e326d.vcxproj" (default targets) -- FAILED.

Build FAILED.

"C:\Users\has163\DESKTOP\lab3\build\CMakeFiles\CMakeTmp\cmTC_e326d.vcxproj" (default target) (1) ->
(ClCompile target) -> 
  c:\users\has163\desktop\lab3\build\cmakefiles\checktypesize\off64_t.c(25): error C2065: 'off64_t': undeclared identifier [C:\Users\has163\DESKTOP\lab3\build\CMakeFiles\CMakeTmp\cmTC_e326d.vcxproj]
  c:\users\has163\desktop\lab3\build\cmakefiles\checktypesize\off64_t.c(26): error C2065: 'off64_t': undeclared identifier [C:\Users\has163\DESKTOP\lab3\build\CMakeFiles\CMakeTmp\cmTC_e326d.vcxproj]
  c:\users\has163\desktop\lab3\build\cmakefiles\checktypesize\off64_t.c(27): error C2065: 'off64_t': undeclared identifier [C:\Users\has163\DESKTOP\lab3\build\CMakeFiles\CMakeTmp\cmTC_e326d.vcxproj]
  c:\users\has163\desktop\lab3\build\cmakefiles\checktypesize\off64_t.c(28): error C2065: 'off64_t': undeclared identifier [C:\Users\has163\DESKTOP\lab3\build\CMakeFiles\CMakeTmp\cmTC_e326d.vcxproj]
  c:\users\has163\desktop\lab3\build\cmakefiles\checktypesize\off64_t.c(29): error C2065: 'off64_t': undeclared identifier [C:\Users\has163\DESKTOP\lab3\build\CMakeFiles\CMakeTmp\cmTC_e326d.vcxproj]

    0 Warning(s)
    5 Error(s)

Time Elapsed 00:00:00.57

C:/Users/has163/DESKTOP/lab3/build/CMakeFiles/CheckTypeSize/OFF64_T.c:
#include <sys/types.h>
#include <stdint.h>
#include <stddef.h>


#undef KEY
#if defined(__i386)
# define KEY '_','_','i','3','8','6'
#elif defined(__x86_64)
# define KEY '_','_','x','8','6','_','6','4'
#elif defined(__ppc__)
# define KEY '_','_','p','p','c','_','_'
#elif defined(__ppc64__)
# define KEY '_','_','p','p','c','6','4','_','_'
#elif defined(__aarch64__)
# define KEY '_','_','a','a','r','c','h','6','4','_','_'
#elif defined(__ARM_ARCH_7A__)
# define KEY '_','_','A','R','M','_','A','R','C','H','_','7','A','_','_'
#elif defined(__ARM_ARCH_7S__)
# define KEY '_','_','A','R','M','_','A','R','C','H','_','7','S','_','_'
#endif

#define SIZE (sizeof(off64_t))
char info_size[] =  {'I', 'N', 'F', 'O', ':', 's','i','z','e','[',
  ('0' + ((SIZE / 10000)%10)),
  ('0' + ((SIZE / 1000)%10)),
  ('0' + ((SIZE / 100)%10)),
  ('0' + ((SIZE / 10)%10)),
  ('0' +  (SIZE    % 10)),
  ']',
#ifdef KEY
  ' ','k','e','y','[', KEY, ']',
#endif
  '\0'};

#ifdef __CLASSIC_C__
int main(argc, argv) int argc; char *argv[];
#else
int main(int argc, char *argv[])
#endif
{
  int require = 0;
  require += info_size[argc];
  (void)argv;
  return require;
}


Determining if the function fseeko exists failed with the following output:
Change Dir: C:/Users/has163/DESKTOP/lab3/build/CMakeFiles/CMakeTmp

Run Build Command:"C:/Program Files (x86)/Microsoft Visual Studio/2017/Professional/MSBuild/15.0/Bin/MSBuild.exe" "cmTC_96d1f.vcxproj" "/p:Configuration=Debug" "/p:VisualStudioVersion=15.0"
Microsoft (R) Build Engine version 15.6.82.30579 for .NET Framework
Copyright (C) Microsoft Corporation. All rights reserved.

Build started 11/5/2020 3:58:21 PM.
Project "C:\Users\has163\DESKTOP\lab3\build\CMakeFiles\CMakeTmp\cmTC_96d1f.vcxproj" on node 1 (default targets).
PrepareForBuild:
  Creating directory "cmTC_96d1f.dir\Debug\".
  Creating directory "C:\Users\has163\DESKTOP\lab3\build\CMakeFiles\CMakeTmp\Debug\".
  Creating directory "cmTC_96d1f.dir\Debug\cmTC_96d1f.tlog\".
InitializeBuildStatus:
  Creating "cmTC_96d1f.dir\Debug\cmTC_96d1f.tlog\unsuccessfulbuild" because "AlwaysCreate" was specified.
ClCompile:
  C:\Program Files (x86)\Microsoft Visual Studio\2017\Professional\VC\Tools\MSVC\14.13.26128\bin\HostX86\x64\CL.exe /c /Zi /W3 /WX- /diagnostics:classic /Od /Ob0 /D WIN32 /D _WINDOWS /D CHECK_FUNCTION_EXISTS=fseeko /D "CMAKE_INTDIR=\"Debug\"" /D _MBCS /Gm- /RTC1 /MDd /GS /fp:precise /Zc:wchar_t /Zc:forScope /Zc:inline /Fo"cmTC_96d1f.dir\Debug\\" /Fd"cmTC_96d1f.dir\Debug\vc141.pdb" /Gd /TC /FC /errorReport:queue "C:\Program Files\CMake\share\cmake-3.12\Modules\CheckFunctionExists.c"
  Microsoft (R) C/C++ Optimizing Compiler Version 19.13.26128 for x64
  Copyright (C) Microsoft Corporation.  All rights reserved.
  
  cl /c /Zi /W3 /WX- /diagnostics:classic /Od /Ob0 /D WIN32 /D _WINDOWS /D CHECK_FUNCTION_EXISTS=fseeko /D "CMAKE_INTDIR=\"Debug\"" /D _MBCS /Gm- /RTC1 /MDd /GS /fp:precise /Zc:wchar_t /Zc:forScope /Zc:inline /Fo"cmTC_96d1f.dir\Debug\\" /Fd"cmTC_96d1f.dir\Debug\vc141.pdb" /Gd /TC /FC /errorReport:queue "C:\Program Files\CMake\share\cmake-3.12\Modules\CheckFunctionExists.c"
  CheckFunctionExists.c
  
Link:
  C:\Program Files (x86)\Microsoft Visual Studio\2017\Professional\VC\Tools\MSVC\14.13.26128\bin\HostX86\x64\link.exe /ERRORREPORT:QUEUE /OUT:"C:\Users\has163\DESKTOP\lab3\build\CMakeFiles\CMakeTmp\Debug\cmTC_96d1f.exe" /INCREMENTAL /NOLOGO kernel32.lib user32.lib gdi32.lib winspool.lib shell32.lib ole32.lib oleaut32.lib uuid.lib comdlg32.lib advapi32.lib /MANIFEST /MANIFESTUAC:"level='asInvoker' uiAccess='false'" /manifest:embed /DEBUG /PDB:"C:/Users/has163/DESKTOP/lab3/build/CMakeFiles/CMakeTmp/Debug/cmTC_96d1f.pdb" /SUBSYSTEM:CONSOLE /TLBID:1 /DYNAMICBASE /NXCOMPAT /IMPLIB:"C:/Users/has163/DESKTOP/lab3/build/CMakeFiles/CMakeTmp/Debug/cmTC_96d1f.lib" /MACHINE:X64  /machine:x64 cmTC_96d1f.dir\Debug\CheckFunctionExists.obj
CheckFunctionExists.obj : error LNK2019: unresolved external symbol fseeko referenced in function main [C:\Users\has163\DESKTOP\lab3\build\CMakeFiles\CMakeTmp\cmTC_96d1f.vcxproj]
C:\Users\has163\DESKTOP\lab3\build\CMakeFiles\CMakeTmp\Debug\cmTC_96d1f.exe : fatal error LNK1120: 1 unresolved externals [C:\Users\has163\DESKTOP\lab3\build\CMakeFiles\CMakeTmp\cmTC_96d1f.vcxproj]
Done Building Project "C:\Users\has163\DESKTOP\lab3\build\CMakeFiles\CMakeTmp\cmTC_96d1f.vcxproj" (default targets) -- FAILED.

Build FAILED.

"C:\Users\has163\DESKTOP\lab3\build\CMakeFiles\CMakeTmp\cmTC_96d1f.vcxproj" (default target) (1) ->
(Link target) -> 
  CheckFunctionExists.obj : error LNK2019: unresolved external symbol fseeko referenced in function main [C:\Users\has163\DESKTOP\lab3\build\CMakeFiles\CMakeTmp\cmTC_96d1f.vcxproj]
  C:\Users\has163\DESKTOP\lab3\build\CMakeFiles\CMakeTmp\Debug\cmTC_96d1f.exe : fatal error LNK1120: 1 unresolved externals [C:\Users\has163\DESKTOP\lab3\build\CMakeFiles\CMakeTmp\cmTC_96d1f.vcxproj]

    0 Warning(s)
    2 Error(s)

Time Elapsed 00:00:00.77


Determining if the include file unistd.h exists failed with the following output:
Change Dir: C:/Users/has163/DESKTOP/lab3/build/CMakeFiles/CMakeTmp

Run Build Command:"C:/Program Files (x86)/Microsoft Visual Studio/2017/Professional/MSBuild/15.0/Bin/MSBuild.exe" "cmTC_68321.vcxproj" "/p:Configuration=Debug" "/p:VisualStudioVersion=15.0"
Microsoft (R) Build Engine version 15.6.82.30579 for .NET Framework
Copyright (C) Microsoft Corporation. All rights reserved.

Build started 11/5/2020 3:58:22 PM.
Project "C:\Users\has163\DESKTOP\lab3\build\CMakeFiles\CMakeTmp\cmTC_68321.vcxproj" on node 1 (default targets).
PrepareForBuild:
  Creating directory "cmTC_68321.dir\Debug\".
  Creating directory "C:\Users\has163\DESKTOP\lab3\build\CMakeFiles\CMakeTmp\Debug\".
  Creating directory "cmTC_68321.dir\Debug\cmTC_68321.tlog\".
InitializeBuildStatus:
  Creating "cmTC_68321.dir\Debug\cmTC_68321.tlog\unsuccessfulbuild" because "AlwaysCreate" was specified.
ClCompile:
  C:\Program Files (x86)\Microsoft Visual Studio\2017\Professional\VC\Tools\MSVC\14.13.26128\bin\HostX86\x64\CL.exe /c /Zi /W3 /WX- /diagnostics:classic /Od /Ob0 /D WIN32 /D _WINDOWS /D "CMAKE_INTDIR=\"Debug\"" /D _MBCS /Gm- /RTC1 /MDd /GS /fp:precise /Zc:wchar_t /Zc:forScope /Zc:inline /Fo"cmTC_68321.dir\Debug\\" /Fd"cmTC_68321.dir\Debug\vc141.pdb" /Gd /TC /FC /errorReport:queue C:\Users\has163\DESKTOP\lab3\build\CMakeFiles\CMakeTmp\CheckIncludeFile.c
  Microsoft (R) C/C++ Optimizing Compiler Version 19.13.26128 for x64
  Copyright (C) Microsoft Corporation.  All rights reserved.
  
  cl /c /Zi /W3 /WX- /diagnostics:classic /Od /Ob0 /D WIN32 /D _WINDOWS /D "CMAKE_INTDIR=\"Debug\"" /D _MBCS /Gm- /RTC1 /MDd /GS /fp:precise /Zc:wchar_t /Zc:forScope /Zc:inline /Fo"cmTC_68321.dir\Debug\\" /Fd"cmTC_68321.dir\Debug\vc141.pdb" /Gd /TC /FC /errorReport:queue C:\Users\has163\DESKTOP\lab3\build\CMakeFiles\CMakeTmp\CheckIncludeFile.c
  CheckIncludeFile.c
  
c:\users\has163\desktop\lab3\build\cmakefiles\cmaketmp\checkincludefile.c(1): fatal error C1083: Cannot open include file: 'unistd.h': No such file or directory [C:\Users\has163\DESKTOP\lab3\build\CMakeFiles\CMakeTmp\cmTC_68321.vcxproj]
Done Building Project "C:\Users\has163\DESKTOP\lab3\build\CMakeFiles\CMakeTmp\cmTC_68321.vcxproj" (default targets) -- FAILED.

Build FAILED.

"C:\Users\has163\DESKTOP\lab3\build\CMakeFiles\CMakeTmp\cmTC_68321.vcxproj" (default target) (1) ->
(ClCompile target) -> 
  c:\users\has163\desktop\lab3\build\cmakefiles\cmaketmp\checkincludefile.c(1): fatal error C1083: Cannot open include file: 'unistd.h': No such file or directory [C:\Users\has163\DESKTOP\lab3\build\CMakeFiles\CMakeTmp\cmTC_68321.vcxproj]

    0 Warning(s)
    1 Error(s)

Time Elapsed 00:00:00.62


Determining if files zlib.h exist failed with the following output:
Change Dir: C:/Users/has163/DESKTOP/lab3/build/CMakeFiles/CMakeTmp

Run Build Command:"C:/Program Files (x86)/Microsoft Visual Studio/2017/Professional/MSBuild/15.0/Bin/MSBuild.exe" "cmTC_aac3b.vcxproj" "/p:Configuration=Debug" "/p:VisualStudioVersion=15.0"
Microsoft (R) Build Engine version 15.6.82.30579 for .NET Framework
Copyright (C) Microsoft Corporation. All rights reserved.

Build started 11/5/2020 3:58:26 PM.
Project "C:\Users\has163\DESKTOP\lab3\build\CMakeFiles\CMakeTmp\cmTC_aac3b.vcxproj" on node 1 (default targets).
PrepareForBuild:
  Creating directory "cmTC_aac3b.dir\Debug\".
  Creating directory "C:\Users\has163\DESKTOP\lab3\build\CMakeFiles\CMakeTmp\Debug\".
  Creating directory "cmTC_aac3b.dir\Debug\cmTC_aac3b.tlog\".
InitializeBuildStatus:
  Creating "cmTC_aac3b.dir\Debug\cmTC_aac3b.tlog\unsuccessfulbuild" because "AlwaysCreate" was specified.
ClCompile:
  C:\Program Files (x86)\Microsoft Visual Studio\2017\Professional\VC\Tools\MSVC\14.13.26128\bin\HostX86\x64\CL.exe /c /Zi /W3 /WX- /diagnostics:classic /Od /Ob0 /D WIN32 /D _WINDOWS /D "CMAKE_INTDIR=\"Debug\"" /D _MBCS /Gm- /RTC1 /MDd /GS /fp:precise /Zc:wchar_t /Zc:forScope /Zc:inline /Fo"cmTC_aac3b.dir\Debug\\" /Fd"cmTC_aac3b.dir\Debug\vc141.pdb" /Gd /TC /FC /errorReport:queue C:\Users\has163\DESKTOP\lab3\build\CMakeFiles\CheckIncludeFiles\HAVE_ZLIB_H.c
  Microsoft (R) C/C++ Optimizing Compiler Version 19.13.26128 for x64
  Copyright (C) Microsoft Corporation.  All rights reserved.
  
  cl /c /Zi /W3 /WX- /diagnostics:classic /Od /Ob0 /D WIN32 /D _WINDOWS /D "CMAKE_INTDIR=\"Debug\"" /D _MBCS /Gm- /RTC1 /MDd /GS /fp:precise /Zc:wchar_t /Zc:forScope /Zc:inline /Fo"cmTC_aac3b.dir\Debug\\" /Fd"cmTC_aac3b.dir\Debug\vc141.pdb" /Gd /TC /FC /errorReport:queue C:\Users\has163\DESKTOP\lab3\build\CMakeFiles\CheckIncludeFiles\HAVE_ZLIB_H.c
  HAVE_ZLIB_H.c
  
c:\users\has163\desktop\lab3\build\cmakefiles\checkincludefiles\have_zlib_h.c(2): fatal error C1083: Cannot open include file: 'zlib.h': No such file or directory [C:\Users\has163\DESKTOP\lab3\build\CMakeFiles\CMakeTmp\cmTC_aac3b.vcxproj]
Done Building Project "C:\Users\has163\DESKTOP\lab3\build\CMakeFiles\CMakeTmp\cmTC_aac3b.vcxproj" (default targets) -- FAILED.

Build FAILED.

"C:\Users\has163\DESKTOP\lab3\build\CMakeFiles\CMakeTmp\cmTC_aac3b.vcxproj" (default target) (1) ->
(ClCompile target) -> 
  c:\users\has163\desktop\lab3\build\cmakefiles\checkincludefiles\have_zlib_h.c(2): fatal error C1083: Cannot open include file: 'zlib.h': No such file or directory [C:\Users\has163\DESKTOP\lab3\build\CMakeFiles\CMakeTmp\cmTC_aac3b.vcxproj]

    0 Warning(s)
    1 Error(s)

Time Elapsed 00:00:00.59

Source:
/* */
#include <zlib.h>


int main(void){return 0;}

Determining if files jpeglib.h exist failed with the following output:
Change Dir: C:/Users/has163/DESKTOP/lab3/build/CMakeFiles/CMakeTmp

Run Build Command:"C:/Program Files (x86)/Microsoft Visual Studio/2017/Professional/MSBuild/15.0/Bin/MSBuild.exe" "cmTC_b8d86.vcxproj" "/p:Configuration=Debug" "/p:VisualStudioVersion=15.0"
Microsoft (R) Build Engine version 15.6.82.30579 for .NET Framework
Copyright (C) Microsoft Corporation. All rights reserved.

Build started 11/5/2020 3:58:26 PM.
Project "C:\Users\has163\DESKTOP\lab3\build\CMakeFiles\CMakeTmp\cmTC_b8d86.vcxproj" on node 1 (default targets).
PrepareForBuild:
  Creating directory "cmTC_b8d86.dir\Debug\".
  Creating directory "C:\Users\has163\DESKTOP\lab3\build\CMakeFiles\CMakeTmp\Debug\".
  Creating directory "cmTC_b8d86.dir\Debug\cmTC_b8d86.tlog\".
InitializeBuildStatus:
  Creating "cmTC_b8d86.dir\Debug\cmTC_b8d86.tlog\unsuccessfulbuild" because "AlwaysCreate" was specified.
ClCompile:
  C:\Program Files (x86)\Microsoft Visual Studio\2017\Professional\VC\Tools\MSVC\14.13.26128\bin\HostX86\x64\CL.exe /c /Zi /W3 /WX- /diagnostics:classic /Od /Ob0 /D WIN32 /D _WINDOWS /D "CMAKE_INTDIR=\"Debug\"" /D _MBCS /Gm- /RTC1 /MDd /GS /fp:precise /Zc:wchar_t /Zc:forScope /Zc:inline /Fo"cmTC_b8d86.dir\Debug\\" /Fd"cmTC_b8d86.dir\Debug\vc141.pdb" /Gd /TC /FC /errorReport:queue C:\Users\has163\DESKTOP\lab3\build\CMakeFiles\CheckIncludeFiles\HAVE_JPEGLIB_H.c
  Microsoft (R) C/C++ Optimizing Compiler Version 19.13.26128 for x64
  Copyright (C) Microsoft Corporation.  All rights reserved.
  
  cl /c /Zi /W3 /WX- /diagnostics:classic /Od /Ob0 /D WIN32 /D _WINDOWS /D "CMAKE_INTDIR=\"Debug\"" /D _MBCS /Gm- /RTC1 /MDd /GS /fp:precise /Zc:wchar_t /Zc:forScope /Zc:inline /Fo"cmTC_b8d86.dir\Debug\\" /Fd"cmTC_b8d86.dir\Debug\vc141.pdb" /Gd /TC /FC /errorReport:queue C:\Users\has163\DESKTOP\lab3\build\CMakeFiles\CheckIncludeFiles\HAVE_JPEGLIB_H.c
  HAVE_JPEGLIB_H.c
  
c:\users\has163\desktop\lab3\build\cmakefiles\checkincludefiles\have_jpeglib_h.c(2): fatal error C1083: Cannot open include file: 'jpeglib.h': No such file or directory [C:\Users\has163\DESKTOP\lab3\build\CMakeFiles\CMakeTmp\cmTC_b8d86.vcxproj]
Done Building Project "C:\Users\has163\DESKTOP\lab3\build\CMakeFiles\CMakeTmp\cmTC_b8d86.vcxproj" (default targets) -- FAILED.

Build FAILED.

"C:\Users\has163\DESKTOP\lab3\build\CMakeFiles\CMakeTmp\cmTC_b8d86.vcxproj" (default target) (1) ->
(ClCompile target) -> 
  c:\users\has163\desktop\lab3\build\cmakefiles\checkincludefiles\have_jpeglib_h.c(2): fatal error C1083: Cannot open include file: 'jpeglib.h': No such file or directory [C:\Users\has163\DESKTOP\lab3\build\CMakeFiles\CMakeTmp\cmTC_b8d86.vcxproj]

    0 Warning(s)
    1 Error(s)

Time Elapsed 00:00:00.60

Source:
/* */
#include <jpeglib.h>


int main(void){return 0;}

Determining if files dlfcn.h exist failed with the following output:
Change Dir: C:/Users/has163/DESKTOP/lab3/build/CMakeFiles/CMakeTmp

Run Build Command:"C:/Program Files (x86)/Microsoft Visual Studio/2017/Professional/MSBuild/15.0/Bin/MSBuild.exe" "cmTC_e4e9f.vcxproj" "/p:Configuration=Debug" "/p:VisualStudioVersion=15.0"
Microsoft (R) Build Engine version 15.6.82.30579 for .NET Framework
Copyright (C) Microsoft Corporation. All rights reserved.

Build started 11/5/2020 3:58:28 PM.
Project "C:\Users\has163\DESKTOP\lab3\build\CMakeFiles\CMakeTmp\cmTC_e4e9f.vcxproj" on node 1 (default targets).
PrepareForBuild:
  Creating directory "cmTC_e4e9f.dir\Debug\".
  Creating directory "C:\Users\has163\DESKTOP\lab3\build\CMakeFiles\CMakeTmp\Debug\".
  Creating directory "cmTC_e4e9f.dir\Debug\cmTC_e4e9f.tlog\".
InitializeBuildStatus:
  Creating "cmTC_e4e9f.dir\Debug\cmTC_e4e9f.tlog\unsuccessfulbuild" because "AlwaysCreate" was specified.
ClCompile:
  C:\Program Files (x86)\Microsoft Visual Studio\2017\Professional\VC\Tools\MSVC\14.13.26128\bin\HostX86\x64\CL.exe /c /Zi /W3 /WX- /diagnostics:classic /Od /Ob0 /D WIN32 /D _WINDOWS /D "CMAKE_INTDIR=\"Debug\"" /D _MBCS /Gm- /RTC1 /MDd /GS /fp:precise /Zc:wchar_t /Zc:forScope /Zc:inline /Fo"cmTC_e4e9f.dir\Debug\\" /Fd"cmTC_e4e9f.dir\Debug\vc141.pdb" /Gd /TC /FC /errorReport:queue C:\Users\has163\DESKTOP\lab3\build\CMakeFiles\CheckIncludeFiles\HAVE_DLFCN_H.c
  Microsoft (R) C/C++ Optimizing Compiler Version 19.13.26128 for x64
  Copyright (C) Microsoft Corporation.  All rights reserved.
  
  cl /c /Zi /W3 /WX- /diagnostics:classic /Od /Ob0 /D WIN32 /D _WINDOWS /D "CMAKE_INTDIR=\"Debug\"" /D _MBCS /Gm- /RTC1 /MDd /GS /fp:precise /Zc:wchar_t /Zc:forScope /Zc:inline /Fo"cmTC_e4e9f.dir\Debug\\" /Fd"cmTC_e4e9f.dir\Debug\vc141.pdb" /Gd /TC /FC /errorReport:queue C:\Users\has163\DESKTOP\lab3\build\CMakeFiles\CheckIncludeFiles\HAVE_DLFCN_H.c
  HAVE_DLFCN_H.c
  
c:\users\has163\desktop\lab3\build\cmakefiles\checkincludefiles\have_dlfcn_h.c(2): fatal error C1083: Cannot open include file: 'dlfcn.h': No such file or directory [C:\Users\has163\DESKTOP\lab3\build\CMakeFiles\CMakeTmp\cmTC_e4e9f.vcxproj]
Done Building Project "C:\Users\has163\DESKTOP\lab3\build\CMakeFiles\CMakeTmp\cmTC_e4e9f.vcxproj" (default targets) -- FAILED.

Build FAILED.

"C:\Users\has163\DESKTOP\lab3\build\CMakeFiles\CMakeTmp\cmTC_e4e9f.vcxproj" (default target) (1) ->
(ClCompile target) -> 
  c:\users\has163\desktop\lab3\build\cmakefiles\checkincludefiles\have_dlfcn_h.c(2): fatal error C1083: Cannot open include file: 'dlfcn.h': No such file or directory [C:\Users\has163\DESKTOP\lab3\build\CMakeFiles\CMakeTmp\cmTC_e4e9f.vcxproj]

    0 Warning(s)
    1 Error(s)

Time Elapsed 00:00:00.59

Source:
/* */
#include <dlfcn.h>


int main(void){return 0;}

Determining if files strings.h exist failed with the following output:
Change Dir: C:/Users/has163/DESKTOP/lab3/build/CMakeFiles/CMakeTmp

Run Build Command:"C:/Program Files (x86)/Microsoft Visual Studio/2017/Professional/MSBuild/15.0/Bin/MSBuild.exe" "cmTC_29f6d.vcxproj" "/p:Configuration=Debug" "/p:VisualStudioVersion=15.0"
Microsoft (R) Build Engine version 15.6.82.30579 for .NET Framework
Copyright (C) Microsoft Corporation. All rights reserved.

Build started 11/5/2020 3:58:40 PM.
Project "C:\Users\has163\DESKTOP\lab3\build\CMakeFiles\CMakeTmp\cmTC_29f6d.vcxproj" on node 1 (default targets).
PrepareForBuild:
  Creating directory "cmTC_29f6d.dir\Debug\".
  Creating directory "C:\Users\has163\DESKTOP\lab3\build\CMakeFiles\CMakeTmp\Debug\".
  Creating directory "cmTC_29f6d.dir\Debug\cmTC_29f6d.tlog\".
InitializeBuildStatus:
  Creating "cmTC_29f6d.dir\Debug\cmTC_29f6d.tlog\unsuccessfulbuild" because "AlwaysCreate" was specified.
ClCompile:
  C:\Program Files (x86)\Microsoft Visual Studio\2017\Professional\VC\Tools\MSVC\14.13.26128\bin\HostX86\x64\CL.exe /c /Zi /W3 /WX- /diagnostics:classic /Od /Ob0 /D WIN32 /D _WINDOWS /D "CMAKE_INTDIR=\"Debug\"" /D _MBCS /Gm- /RTC1 /MDd /GS /fp:precise /Zc:wchar_t /Zc:forScope /Zc:inline /Fo"cmTC_29f6d.dir\Debug\\" /Fd"cmTC_29f6d.dir\Debug\vc141.pdb" /Gd /TC /FC /errorReport:queue C:\Users\has163\DESKTOP\lab3\build\CMakeFiles\CheckIncludeFiles\HAVE_STRINGS_H.c
  Microsoft (R) C/C++ Optimizing Compiler Version 19.13.26128 for x64
  Copyright (C) Microsoft Corporation.  All rights reserved.
  
  cl /c /Zi /W3 /WX- /diagnostics:classic /Od /Ob0 /D WIN32 /D _WINDOWS /D "CMAKE_INTDIR=\"Debug\"" /D _MBCS /Gm- /RTC1 /MDd /GS /fp:precise /Zc:wchar_t /Zc:forScope /Zc:inline /Fo"cmTC_29f6d.dir\Debug\\" /Fd"cmTC_29f6d.dir\Debug\vc141.pdb" /Gd /TC /FC /errorReport:queue C:\Users\has163\DESKTOP\lab3\build\CMakeFiles\CheckIncludeFiles\HAVE_STRINGS_H.c
  HAVE_STRINGS_H.c
  
c:\users\has163\desktop\lab3\build\cmakefiles\checkincludefiles\have_strings_h.c(2): fatal error C1083: Cannot open include file: 'strings.h': No such file or directory [C:\Users\has163\DESKTOP\lab3\build\CMakeFiles\CMakeTmp\cmTC_29f6d.vcxproj]
Done Building Project "C:\Users\has163\DESKTOP\lab3\build\CMakeFiles\CMakeTmp\cmTC_29f6d.vcxproj" (default targets) -- FAILED.

Build FAILED.

"C:\Users\has163\DESKTOP\lab3\build\CMakeFiles\CMakeTmp\cmTC_29f6d.vcxproj" (default target) (1) ->
(ClCompile target) -> 
  c:\users\has163\desktop\lab3\build\cmakefiles\checkincludefiles\have_strings_h.c(2): fatal error C1083: Cannot open include file: 'strings.h': No such file or directory [C:\Users\has163\DESKTOP\lab3\build\CMakeFiles\CMakeTmp\cmTC_29f6d.vcxproj]

    0 Warning(s)
    1 Error(s)

Time Elapsed 00:00:00.58

Source:
/* */
#include <strings.h>


int main(void){return 0;}

Determining if files sys/time.h exist failed with the following output:
Change Dir: C:/Users/has163/DESKTOP/lab3/build/CMakeFiles/CMakeTmp

Run Build Command:"C:/Program Files (x86)/Microsoft Visual Studio/2017/Professional/MSBuild/15.0/Bin/MSBuild.exe" "cmTC_c164e.vcxproj" "/p:Configuration=Debug" "/p:VisualStudioVersion=15.0"
Microsoft (R) Build Engine version 15.6.82.30579 for .NET Framework
Copyright (C) Microsoft Corporation. All rights reserved.

Build started 11/5/2020 3:58:42 PM.
Project "C:\Users\has163\DESKTOP\lab3\build\CMakeFiles\CMakeTmp\cmTC_c164e.vcxproj" on node 1 (default targets).
PrepareForBuild:
  Creating directory "cmTC_c164e.dir\Debug\".
  Creating directory "C:\Users\has163\DESKTOP\lab3\build\CMakeFiles\CMakeTmp\Debug\".
  Creating directory "cmTC_c164e.dir\Debug\cmTC_c164e.tlog\".
InitializeBuildStatus:
  Creating "cmTC_c164e.dir\Debug\cmTC_c164e.tlog\unsuccessfulbuild" because "AlwaysCreate" was specified.
ClCompile:
  C:\Program Files (x86)\Microsoft Visual Studio\2017\Professional\VC\Tools\MSVC\14.13.26128\bin\HostX86\x64\CL.exe /c /Zi /W3 /WX- /diagnostics:classic /Od /Ob0 /D WIN32 /D _WINDOWS /D "CMAKE_INTDIR=\"Debug\"" /D _MBCS /Gm- /RTC1 /MDd /GS /fp:precise /Zc:wchar_t /Zc:forScope /Zc:inline /Fo"cmTC_c164e.dir\Debug\\" /Fd"cmTC_c164e.dir\Debug\vc141.pdb" /Gd /TC /FC /errorReport:queue C:\Users\has163\DESKTOP\lab3\build\CMakeFiles\CheckIncludeFiles\HAVE_SYS_TIME_H.c
  Microsoft (R) C/C++ Optimizing Compiler Version 19.13.26128 for x64
  Copyright (C) Microsoft Corporation.  All rights reserved.
  
  cl /c /Zi /W3 /WX- /diagnostics:classic /Od /Ob0 /D WIN32 /D _WINDOWS /D "CMAKE_INTDIR=\"Debug\"" /D _MBCS /Gm- /RTC1 /MDd /GS /fp:precise /Zc:wchar_t /Zc:forScope /Zc:inline /Fo"cmTC_c164e.dir\Debug\\" /Fd"cmTC_c164e.dir\Debug\vc141.pdb" /Gd /TC /FC /errorReport:queue C:\Users\has163\DESKTOP\lab3\build\CMakeFiles\CheckIncludeFiles\HAVE_SYS_TIME_H.c
  HAVE_SYS_TIME_H.c
  
c:\users\has163\desktop\lab3\build\cmakefiles\checkincludefiles\have_sys_time_h.c(2): fatal error C1083: Cannot open include file: 'sys/time.h': No such file or directory [C:\Users\has163\DESKTOP\lab3\build\CMakeFiles\CMakeTmp\cmTC_c164e.vcxproj]
Done Building Project "C:\Users\has163\DESKTOP\lab3\build\CMakeFiles\CMakeTmp\cmTC_c164e.vcxproj" (default targets) -- FAILED.

Build FAILED.

"C:\Users\has163\DESKTOP\lab3\build\CMakeFiles\CMakeTmp\cmTC_c164e.vcxproj" (default target) (1) ->
(ClCompile target) -> 
  c:\users\has163\desktop\lab3\build\cmakefiles\checkincludefiles\have_sys_time_h.c(2): fatal error C1083: Cannot open include file: 'sys/time.h': No such file or directory [C:\Users\has163\DESKTOP\lab3\build\CMakeFiles\CMakeTmp\cmTC_c164e.vcxproj]

    0 Warning(s)
    1 Error(s)

Time Elapsed 00:00:00.56

Source:
/* */
#include <sys/time.h>


int main(void){return 0;}

Determining if files unistd.h exist failed with the following output:
Change Dir: C:/Users/has163/DESKTOP/lab3/build/CMakeFiles/CMakeTmp

Run Build Command:"C:/Program Files (x86)/Microsoft Visual Studio/2017/Professional/MSBuild/15.0/Bin/MSBuild.exe" "cmTC_c1ee0.vcxproj" "/p:Configuration=Debug" "/p:VisualStudioVersion=15.0"
Microsoft (R) Build Engine version 15.6.82.30579 for .NET Framework
Copyright (C) Microsoft Corporation. All rights reserved.

Build started 11/5/2020 3:58:44 PM.
Project "C:\Users\has163\DESKTOP\lab3\build\CMakeFiles\CMakeTmp\cmTC_c1ee0.vcxproj" on node 1 (default targets).
PrepareForBuild:
  Creating directory "cmTC_c1ee0.dir\Debug\".
  Creating directory "C:\Users\has163\DESKTOP\lab3\build\CMakeFiles\CMakeTmp\Debug\".
  Creating directory "cmTC_c1ee0.dir\Debug\cmTC_c1ee0.tlog\".
InitializeBuildStatus:
  Creating "cmTC_c1ee0.dir\Debug\cmTC_c1ee0.tlog\unsuccessfulbuild" because "AlwaysCreate" was specified.
ClCompile:
  C:\Program Files (x86)\Microsoft Visual Studio\2017\Professional\VC\Tools\MSVC\14.13.26128\bin\HostX86\x64\CL.exe /c /Zi /W3 /WX- /diagnostics:classic /Od /Ob0 /D WIN32 /D _WINDOWS /D "CMAKE_INTDIR=\"Debug\"" /D _MBCS /Gm- /RTC1 /MDd /GS /fp:precise /Zc:wchar_t /Zc:forScope /Zc:inline /Fo"cmTC_c1ee0.dir\Debug\\" /Fd"cmTC_c1ee0.dir\Debug\vc141.pdb" /Gd /TC /FC /errorReport:queue C:\Users\has163\DESKTOP\lab3\build\CMakeFiles\CheckIncludeFiles\HAVE_UNISTD_H.c
  Microsoft (R) C/C++ Optimizing Compiler Version 19.13.26128 for x64
  Copyright (C) Microsoft Corporation.  All rights reserved.
  
  cl /c /Zi /W3 /WX- /diagnostics:classic /Od /Ob0 /D WIN32 /D _WINDOWS /D "CMAKE_INTDIR=\"Debug\"" /D _MBCS /Gm- /RTC1 /MDd /GS /fp:precise /Zc:wchar_t /Zc:forScope /Zc:inline /Fo"cmTC_c1ee0.dir\Debug\\" /Fd"cmTC_c1ee0.dir\Debug\vc141.pdb" /Gd /TC /FC /errorReport:queue C:\Users\has163\DESKTOP\lab3\build\CMakeFiles\CheckIncludeFiles\HAVE_UNISTD_H.c
  HAVE_UNISTD_H.c
  
c:\users\has163\desktop\lab3\build\cmakefiles\checkincludefiles\have_unistd_h.c(2): fatal error C1083: Cannot open include file: 'unistd.h': No such file or directory [C:\Users\has163\DESKTOP\lab3\build\CMakeFiles\CMakeTmp\cmTC_c1ee0.vcxproj]
Done Building Project "C:\Users\has163\DESKTOP\lab3\build\CMakeFiles\CMakeTmp\cmTC_c1ee0.vcxproj" (default targets) -- FAILED.

Build FAILED.

"C:\Users\has163\DESKTOP\lab3\build\CMakeFiles\CMakeTmp\cmTC_c1ee0.vcxproj" (default target) (1) ->
(ClCompile target) -> 
  c:\users\has163\desktop\lab3\build\cmakefiles\checkincludefiles\have_unistd_h.c(2): fatal error C1083: Cannot open include file: 'unistd.h': No such file or directory [C:\Users\has163\DESKTOP\lab3\build\CMakeFiles\CMakeTmp\cmTC_c1ee0.vcxproj]

    0 Warning(s)
    1 Error(s)

Time Elapsed 00:00:00.59

Source:
/* */
#include <unistd.h>


int main(void){return 0;}

Determining if files ieeefp.h exist failed with the following output:
Change Dir: C:/Users/has163/DESKTOP/lab3/build/CMakeFiles/CMakeTmp

Run Build Command:"C:/Program Files (x86)/Microsoft Visual Studio/2017/Professional/MSBuild/15.0/Bin/MSBuild.exe" "cmTC_ea252.vcxproj" "/p:Configuration=Debug" "/p:VisualStudioVersion=15.0"
Microsoft (R) Build Engine version 15.6.82.30579 for .NET Framework
Copyright (C) Microsoft Corporation. All rights reserved.

Build started 11/5/2020 3:58:46 PM.
Project "C:\Users\has163\DESKTOP\lab3\build\CMakeFiles\CMakeTmp\cmTC_ea252.vcxproj" on node 1 (default targets).
PrepareForBuild:
  Creating directory "cmTC_ea252.dir\Debug\".
  Creating directory "C:\Users\has163\DESKTOP\lab3\build\CMakeFiles\CMakeTmp\Debug\".
  Creating directory "cmTC_ea252.dir\Debug\cmTC_ea252.tlog\".
InitializeBuildStatus:
  Creating "cmTC_ea252.dir\Debug\cmTC_ea252.tlog\unsuccessfulbuild" because "AlwaysCreate" was specified.
ClCompile:
  C:\Program Files (x86)\Microsoft Visual Studio\2017\Professional\VC\Tools\MSVC\14.13.26128\bin\HostX86\x64\CL.exe /c /Zi /W3 /WX- /diagnostics:classic /Od /Ob0 /D WIN32 /D _WINDOWS /D "CMAKE_INTDIR=\"Debug\"" /D _MBCS /Gm- /RTC1 /MDd /GS /fp:precise /Zc:wchar_t /Zc:forScope /Zc:inline /Fo"cmTC_ea252.dir\Debug\\" /Fd"cmTC_ea252.dir\Debug\vc141.pdb" /Gd /TC /FC /errorReport:queue C:\Users\has163\DESKTOP\lab3\build\CMakeFiles\CheckIncludeFiles\HAVE_IEEEFP_H.c
  Microsoft (R) C/C++ Optimizing Compiler Version 19.13.26128 for x64
  Copyright (C) Microsoft Corporation.  All rights reserved.
  
  cl /c /Zi /W3 /WX- /diagnostics:classic /Od /Ob0 /D WIN32 /D _WINDOWS /D "CMAKE_INTDIR=\"Debug\"" /D _MBCS /Gm- /RTC1 /MDd /GS /fp:precise /Zc:wchar_t /Zc:forScope /Zc:inline /Fo"cmTC_ea252.dir\Debug\\" /Fd"cmTC_ea252.dir\Debug\vc141.pdb" /Gd /TC /FC /errorReport:queue C:\Users\has163\DESKTOP\lab3\build\CMakeFiles\CheckIncludeFiles\HAVE_IEEEFP_H.c
  HAVE_IEEEFP_H.c
  
c:\users\has163\desktop\lab3\build\cmakefiles\checkincludefiles\have_ieeefp_h.c(2): fatal error C1083: Cannot open include file: 'ieeefp.h': No such file or directory [C:\Users\has163\DESKTOP\lab3\build\CMakeFiles\CMakeTmp\cmTC_ea252.vcxproj]
Done Building Project "C:\Users\has163\DESKTOP\lab3\build\CMakeFiles\CMakeTmp\cmTC_ea252.vcxproj" (default targets) -- FAILED.

Build FAILED.

"C:\Users\has163\DESKTOP\lab3\build\CMakeFiles\CMakeTmp\cmTC_ea252.vcxproj" (default target) (1) ->
(ClCompile target) -> 
  c:\users\has163\desktop\lab3\build\cmakefiles\checkincludefiles\have_ieeefp_h.c(2): fatal error C1083: Cannot open include file: 'ieeefp.h': No such file or directory [C:\Users\has163\DESKTOP\lab3\build\CMakeFiles\CMakeTmp\cmTC_ea252.vcxproj]

    0 Warning(s)
    1 Error(s)

Time Elapsed 00:00:00.58

Source:
/* */
#include <ieeefp.h>


int main(void){return 0;}

Determining if the function getopt exists failed with the following output:
Change Dir: C:/Users/has163/DESKTOP/lab3/build/CMakeFiles/CMakeTmp

Run Build Command:"C:/Program Files (x86)/Microsoft Visual Studio/2017/Professional/MSBuild/15.0/Bin/MSBuild.exe" "cmTC_184db.vcxproj" "/p:Configuration=Debug" "/p:VisualStudioVersion=15.0"
Microsoft (R) Build Engine version 15.6.82.30579 for .NET Framework
Copyright (C) Microsoft Corporation. All rights reserved.

Build started 11/5/2020 3:58:47 PM.
Project "C:\Users\has163\DESKTOP\lab3\build\CMakeFiles\CMakeTmp\cmTC_184db.vcxproj" on node 1 (default targets).
PrepareForBuild:
  Creating directory "cmTC_184db.dir\Debug\".
  Creating directory "C:\Users\has163\DESKTOP\lab3\build\CMakeFiles\CMakeTmp\Debug\".
  Creating directory "cmTC_184db.dir\Debug\cmTC_184db.tlog\".
InitializeBuildStatus:
  Creating "cmTC_184db.dir\Debug\cmTC_184db.tlog\unsuccessfulbuild" because "AlwaysCreate" was specified.
ClCompile:
  C:\Program Files (x86)\Microsoft Visual Studio\2017\Professional\VC\Tools\MSVC\14.13.26128\bin\HostX86\x64\CL.exe /c /Zi /W3 /WX- /diagnostics:classic /Od /Ob0 /D WIN32 /D _WINDOWS /D CHECK_FUNCTION_EXISTS=getopt /D "CMAKE_INTDIR=\"Debug\"" /D _MBCS /Gm- /RTC1 /MDd /GS /fp:precise /Zc:wchar_t /Zc:forScope /Zc:inline /Fo"cmTC_184db.dir\Debug\\" /Fd"cmTC_184db.dir\Debug\vc141.pdb" /Gd /TC /FC /errorReport:queue "C:\Program Files\CMake\share\cmake-3.12\Modules\CheckFunctionExists.c"
  Microsoft (R) C/C++ Optimizing Compiler Version 19.13.26128 for x64
  Copyright (C) Microsoft Corporation.  All rights reserved.
  
  cl /c /Zi /W3 /WX- /diagnostics:classic /Od /Ob0 /D WIN32 /D _WINDOWS /D CHECK_FUNCTION_EXISTS=getopt /D "CMAKE_INTDIR=\"Debug\"" /D _MBCS /Gm- /RTC1 /MDd /GS /fp:precise /Zc:wchar_t /Zc:forScope /Zc:inline /Fo"cmTC_184db.dir\Debug\\" /Fd"cmTC_184db.dir\Debug\vc141.pdb" /Gd /TC /FC /errorReport:queue "C:\Program Files\CMake\share\cmake-3.12\Modules\CheckFunctionExists.c"
  CheckFunctionExists.c
  
Link:
  C:\Program Files (x86)\Microsoft Visual Studio\2017\Professional\VC\Tools\MSVC\14.13.26128\bin\HostX86\x64\link.exe /ERRORREPORT:QUEUE /OUT:"C:\Users\has163\DESKTOP\lab3\build\CMakeFiles\CMakeTmp\Debug\cmTC_184db.exe" /INCREMENTAL /NOLOGO kernel32.lib user32.lib gdi32.lib winspool.lib shell32.lib ole32.lib oleaut32.lib uuid.lib comdlg32.lib advapi32.lib /MANIFEST /MANIFESTUAC:"level='asInvoker' uiAccess='false'" /manifest:embed /DEBUG /PDB:"C:/Users/has163/DESKTOP/lab3/build/CMakeFiles/CMakeTmp/Debug/cmTC_184db.pdb" /SUBSYSTEM:CONSOLE /TLBID:1 /DYNAMICBASE /NXCOMPAT /IMPLIB:"C:/Users/has163/DESKTOP/lab3/build/CMakeFiles/CMakeTmp/Debug/cmTC_184db.lib" /MACHINE:X64  /machine:x64 cmTC_184db.dir\Debug\CheckFunctionExists.obj
CheckFunctionExists.obj : error LNK2019: unresolved external symbol getopt referenced in function main [C:\Users\has163\DESKTOP\lab3\build\CMakeFiles\CMakeTmp\cmTC_184db.vcxproj]
C:\Users\has163\DESKTOP\lab3\build\CMakeFiles\CMakeTmp\Debug\cmTC_184db.exe : fatal error LNK1120: 1 unresolved externals [C:\Users\has163\DESKTOP\lab3\build\CMakeFiles\CMakeTmp\cmTC_184db.vcxproj]
Done Building Project "C:\Users\has163\DESKTOP\lab3\build\CMakeFiles\CMakeTmp\cmTC_184db.vcxproj" (default targets) -- FAILED.

Build FAILED.

"C:\Users\has163\DESKTOP\lab3\build\CMakeFiles\CMakeTmp\cmTC_184db.vcxproj" (default target) (1) ->
(Link target) -> 
  CheckFunctionExists.obj : error LNK2019: unresolved external symbol getopt referenced in function main [C:\Users\has163\DESKTOP\lab3\build\CMakeFiles\CMakeTmp\cmTC_184db.vcxproj]
  C:\Users\has163\DESKTOP\lab3\build\CMakeFiles\CMakeTmp\Debug\cmTC_184db.exe : fatal error LNK1120: 1 unresolved externals [C:\Users\has163\DESKTOP\lab3\build\CMakeFiles\CMakeTmp\cmTC_184db.vcxproj]

    0 Warning(s)
    2 Error(s)

Time Elapsed 00:00:00.78


Determining if the function isascii exists failed with the following output:
Change Dir: C:/Users/has163/DESKTOP/lab3/build/CMakeFiles/CMakeTmp

Run Build Command:"C:/Program Files (x86)/Microsoft Visual Studio/2017/Professional/MSBuild/15.0/Bin/MSBuild.exe" "cmTC_7cc9f.vcxproj" "/p:Configuration=Debug" "/p:VisualStudioVersion=15.0"
Microsoft (R) Build Engine version 15.6.82.30579 for .NET Framework
Copyright (C) Microsoft Corporation. All rights reserved.

Build started 11/5/2020 3:58:48 PM.
Project "C:\Users\has163\DESKTOP\lab3\build\CMakeFiles\CMakeTmp\cmTC_7cc9f.vcxproj" on node 1 (default targets).
PrepareForBuild:
  Creating directory "cmTC_7cc9f.dir\Debug\".
  Creating directory "C:\Users\has163\DESKTOP\lab3\build\CMakeFiles\CMakeTmp\Debug\".
  Creating directory "cmTC_7cc9f.dir\Debug\cmTC_7cc9f.tlog\".
InitializeBuildStatus:
  Creating "cmTC_7cc9f.dir\Debug\cmTC_7cc9f.tlog\unsuccessfulbuild" because "AlwaysCreate" was specified.
ClCompile:
  C:\Program Files (x86)\Microsoft Visual Studio\2017\Professional\VC\Tools\MSVC\14.13.26128\bin\HostX86\x64\CL.exe /c /Zi /W3 /WX- /diagnostics:classic /Od /Ob0 /D WIN32 /D _WINDOWS /D CHECK_FUNCTION_EXISTS=isascii /D "CMAKE_INTDIR=\"Debug\"" /D _MBCS /Gm- /RTC1 /MDd /GS /fp:precise /Zc:wchar_t /Zc:forScope /Zc:inline /Fo"cmTC_7cc9f.dir\Debug\\" /Fd"cmTC_7cc9f.dir\Debug\vc141.pdb" /Gd /TC /FC /errorReport:queue "C:\Program Files\CMake\share\cmake-3.12\Modules\CheckFunctionExists.c"
  Microsoft (R) C/C++ Optimizing Compiler Version 19.13.26128 for x64
  Copyright (C) Microsoft Corporation.  All rights reserved.
  
  cl /c /Zi /W3 /WX- /diagnostics:classic /Od /Ob0 /D WIN32 /D _WINDOWS /D CHECK_FUNCTION_EXISTS=isascii /D "CMAKE_INTDIR=\"Debug\"" /D _MBCS /Gm- /RTC1 /MDd /GS /fp:precise /Zc:wchar_t /Zc:forScope /Zc:inline /Fo"cmTC_7cc9f.dir\Debug\\" /Fd"cmTC_7cc9f.dir\Debug\vc141.pdb" /Gd /TC /FC /errorReport:queue "C:\Program Files\CMake\share\cmake-3.12\Modules\CheckFunctionExists.c"
  CheckFunctionExists.c
  
Link:
  C:\Program Files (x86)\Microsoft Visual Studio\2017\Professional\VC\Tools\MSVC\14.13.26128\bin\HostX86\x64\link.exe /ERRORREPORT:QUEUE /OUT:"C:\Users\has163\DESKTOP\lab3\build\CMakeFiles\CMakeTmp\Debug\cmTC_7cc9f.exe" /INCREMENTAL /NOLOGO kernel32.lib user32.lib gdi32.lib winspool.lib shell32.lib ole32.lib oleaut32.lib uuid.lib comdlg32.lib advapi32.lib /MANIFEST /MANIFESTUAC:"level='asInvoker' uiAccess='false'" /manifest:embed /DEBUG /PDB:"C:/Users/has163/DESKTOP/lab3/build/CMakeFiles/CMakeTmp/Debug/cmTC_7cc9f.pdb" /SUBSYSTEM:CONSOLE /TLBID:1 /DYNAMICBASE /NXCOMPAT /IMPLIB:"C:/Users/has163/DESKTOP/lab3/build/CMakeFiles/CMakeTmp/Debug/cmTC_7cc9f.lib" /MACHINE:X64  /machine:x64 cmTC_7cc9f.dir\Debug\CheckFunctionExists.obj
CheckFunctionExists.obj : error LNK2019: unresolved external symbol isascii referenced in function main [C:\Users\has163\DESKTOP\lab3\build\CMakeFiles\CMakeTmp\cmTC_7cc9f.vcxproj]
C:\Users\has163\DESKTOP\lab3\build\CMakeFiles\CMakeTmp\Debug\cmTC_7cc9f.exe : fatal error LNK1120: 1 unresolved externals [C:\Users\has163\DESKTOP\lab3\build\CMakeFiles\CMakeTmp\cmTC_7cc9f.vcxproj]
Done Building Project "C:\Users\has163\DESKTOP\lab3\build\CMakeFiles\CMakeTmp\cmTC_7cc9f.vcxproj" (default targets) -- FAILED.

Build FAILED.

"C:\Users\has163\DESKTOP\lab3\build\CMakeFiles\CMakeTmp\cmTC_7cc9f.vcxproj" (default target) (1) ->
(Link target) -> 
  CheckFunctionExists.obj : error LNK2019: unresolved external symbol isascii referenced in function main [C:\Users\has163\DESKTOP\lab3\build\CMakeFiles\CMakeTmp\cmTC_7cc9f.vcxproj]
  C:\Users\has163\DESKTOP\lab3\build\CMakeFiles\CMakeTmp\Debug\cmTC_7cc9f.exe : fatal error LNK1120: 1 unresolved externals [C:\Users\has163\DESKTOP\lab3\build\CMakeFiles\CMakeTmp\cmTC_7cc9f.vcxproj]

    0 Warning(s)
    2 Error(s)

Time Elapsed 00:00:00.71


Determining if the function mmap exists failed with the following output:
Change Dir: C:/Users/has163/DESKTOP/lab3/build/CMakeFiles/CMakeTmp

Run Build Command:"C:/Program Files (x86)/Microsoft Visual Studio/2017/Professional/MSBuild/15.0/Bin/MSBuild.exe" "cmTC_8afe0.vcxproj" "/p:Configuration=Debug" "/p:VisualStudioVersion=15.0"
Microsoft (R) Build Engine version 15.6.82.30579 for .NET Framework
Copyright (C) Microsoft Corporation. All rights reserved.

Build started 11/5/2020 3:58:51 PM.
Project "C:\Users\has163\DESKTOP\lab3\build\CMakeFiles\CMakeTmp\cmTC_8afe0.vcxproj" on node 1 (default targets).
PrepareForBuild:
  Creating directory "cmTC_8afe0.dir\Debug\".
  Creating directory "C:\Users\has163\DESKTOP\lab3\build\CMakeFiles\CMakeTmp\Debug\".
  Creating directory "cmTC_8afe0.dir\Debug\cmTC_8afe0.tlog\".
InitializeBuildStatus:
  Creating "cmTC_8afe0.dir\Debug\cmTC_8afe0.tlog\unsuccessfulbuild" because "AlwaysCreate" was specified.
ClCompile:
  C:\Program Files (x86)\Microsoft Visual Studio\2017\Professional\VC\Tools\MSVC\14.13.26128\bin\HostX86\x64\CL.exe /c /Zi /W3 /WX- /diagnostics:classic /Od /Ob0 /D WIN32 /D _WINDOWS /D CHECK_FUNCTION_EXISTS=mmap /D "CMAKE_INTDIR=\"Debug\"" /D _MBCS /Gm- /RTC1 /MDd /GS /fp:precise /Zc:wchar_t /Zc:forScope /Zc:inline /Fo"cmTC_8afe0.dir\Debug\\" /Fd"cmTC_8afe0.dir\Debug\vc141.pdb" /Gd /TC /FC /errorReport:queue "C:\Program Files\CMake\share\cmake-3.12\Modules\CheckFunctionExists.c"
  Microsoft (R) C/C++ Optimizing Compiler Version 19.13.26128 for x64
  Copyright (C) Microsoft Corporation.  All rights reserved.
  
  cl /c /Zi /W3 /WX- /diagnostics:classic /Od /Ob0 /D WIN32 /D _WINDOWS /D CHECK_FUNCTION_EXISTS=mmap /D "CMAKE_INTDIR=\"Debug\"" /D _MBCS /Gm- /RTC1 /MDd /GS /fp:precise /Zc:wchar_t /Zc:forScope /Zc:inline /Fo"cmTC_8afe0.dir\Debug\\" /Fd"cmTC_8afe0.dir\Debug\vc141.pdb" /Gd /TC /FC /errorReport:queue "C:\Program Files\CMake\share\cmake-3.12\Modules\CheckFunctionExists.c"
  CheckFunctionExists.c
  
Link:
  C:\Program Files (x86)\Microsoft Visual Studio\2017\Professional\VC\Tools\MSVC\14.13.26128\bin\HostX86\x64\link.exe /ERRORREPORT:QUEUE /OUT:"C:\Users\has163\DESKTOP\lab3\build\CMakeFiles\CMakeTmp\Debug\cmTC_8afe0.exe" /INCREMENTAL /NOLOGO kernel32.lib user32.lib gdi32.lib winspool.lib shell32.lib ole32.lib oleaut32.lib uuid.lib comdlg32.lib advapi32.lib /MANIFEST /MANIFESTUAC:"level='asInvoker' uiAccess='false'" /manifest:embed /DEBUG /PDB:"C:/Users/has163/DESKTOP/lab3/build/CMakeFiles/CMakeTmp/Debug/cmTC_8afe0.pdb" /SUBSYSTEM:CONSOLE /TLBID:1 /DYNAMICBASE /NXCOMPAT /IMPLIB:"C:/Users/has163/DESKTOP/lab3/build/CMakeFiles/CMakeTmp/Debug/cmTC_8afe0.lib" /MACHINE:X64  /machine:x64 cmTC_8afe0.dir\Debug\CheckFunctionExists.obj
CheckFunctionExists.obj : error LNK2019: unresolved external symbol mmap referenced in function main [C:\Users\has163\DESKTOP\lab3\build\CMakeFiles\CMakeTmp\cmTC_8afe0.vcxproj]
C:\Users\has163\DESKTOP\lab3\build\CMakeFiles\CMakeTmp\Debug\cmTC_8afe0.exe : fatal error LNK1120: 1 unresolved externals [C:\Users\has163\DESKTOP\lab3\build\CMakeFiles\CMakeTmp\cmTC_8afe0.vcxproj]
Done Building Project "C:\Users\has163\DESKTOP\lab3\build\CMakeFiles\CMakeTmp\cmTC_8afe0.vcxproj" (default targets) -- FAILED.

Build FAILED.

"C:\Users\has163\DESKTOP\lab3\build\CMakeFiles\CMakeTmp\cmTC_8afe0.vcxproj" (default target) (1) ->
(Link target) -> 
  CheckFunctionExists.obj : error LNK2019: unresolved external symbol mmap referenced in function main [C:\Users\has163\DESKTOP\lab3\build\CMakeFiles\CMakeTmp\cmTC_8afe0.vcxproj]
  C:\Users\has163\DESKTOP\lab3\build\CMakeFiles\CMakeTmp\Debug\cmTC_8afe0.exe : fatal error LNK1120: 1 unresolved externals [C:\Users\has163\DESKTOP\lab3\build\CMakeFiles\CMakeTmp\cmTC_8afe0.vcxproj]

    0 Warning(s)
    2 Error(s)

Time Elapsed 00:00:00.71


Determining if the function strcasecmp exists failed with the following output:
Change Dir: C:/Users/has163/DESKTOP/lab3/build/CMakeFiles/CMakeTmp

Run Build Command:"C:/Program Files (x86)/Microsoft Visual Studio/2017/Professional/MSBuild/15.0/Bin/MSBuild.exe" "cmTC_4220d.vcxproj" "/p:Configuration=Debug" "/p:VisualStudioVersion=15.0"
Microsoft (R) Build Engine version 15.6.82.30579 for .NET Framework
Copyright (C) Microsoft Corporation. All rights reserved.

Build started 11/5/2020 3:58:52 PM.
Project "C:\Users\has163\DESKTOP\lab3\build\CMakeFiles\CMakeTmp\cmTC_4220d.vcxproj" on node 1 (default targets).
PrepareForBuild:
  Creating directory "cmTC_4220d.dir\Debug\".
  Creating directory "C:\Users\has163\DESKTOP\lab3\build\CMakeFiles\CMakeTmp\Debug\".
  Creating directory "cmTC_4220d.dir\Debug\cmTC_4220d.tlog\".
InitializeBuildStatus:
  Creating "cmTC_4220d.dir\Debug\cmTC_4220d.tlog\unsuccessfulbuild" because "AlwaysCreate" was specified.
ClCompile:
  C:\Program Files (x86)\Microsoft Visual Studio\2017\Professional\VC\Tools\MSVC\14.13.26128\bin\HostX86\x64\CL.exe /c /Zi /W3 /WX- /diagnostics:classic /Od /Ob0 /D WIN32 /D _WINDOWS /D CHECK_FUNCTION_EXISTS=strcasecmp /D "CMAKE_INTDIR=\"Debug\"" /D _MBCS /Gm- /RTC1 /MDd /GS /fp:precise /Zc:wchar_t /Zc:forScope /Zc:inline /Fo"cmTC_4220d.dir\Debug\\" /Fd"cmTC_4220d.dir\Debug\vc141.pdb" /Gd /TC /FC /errorReport:queue "C:\Program Files\CMake\share\cmake-3.12\Modules\CheckFunctionExists.c"
  Microsoft (R) C/C++ Optimizing Compiler Version 19.13.26128 for x64
  Copyright (C) Microsoft Corporation.  All rights reserved.
  
  cl /c /Zi /W3 /WX- /diagnostics:classic /Od /Ob0 /D WIN32 /D _WINDOWS /D CHECK_FUNCTION_EXISTS=strcasecmp /D "CMAKE_INTDIR=\"Debug\"" /D _MBCS /Gm- /RTC1 /MDd /GS /fp:precise /Zc:wchar_t /Zc:forScope /Zc:inline /Fo"cmTC_4220d.dir\Debug\\" /Fd"cmTC_4220d.dir\Debug\vc141.pdb" /Gd /TC /FC /errorReport:queue "C:\Program Files\CMake\share\cmake-3.12\Modules\CheckFunctionExists.c"
  CheckFunctionExists.c
  
Link:
  C:\Program Files (x86)\Microsoft Visual Studio\2017\Professional\VC\Tools\MSVC\14.13.26128\bin\HostX86\x64\link.exe /ERRORREPORT:QUEUE /OUT:"C:\Users\has163\DESKTOP\lab3\build\CMakeFiles\CMakeTmp\Debug\cmTC_4220d.exe" /INCREMENTAL /NOLOGO kernel32.lib user32.lib gdi32.lib winspool.lib shell32.lib ole32.lib oleaut32.lib uuid.lib comdlg32.lib advapi32.lib /MANIFEST /MANIFESTUAC:"level='asInvoker' uiAccess='false'" /manifest:embed /DEBUG /PDB:"C:/Users/has163/DESKTOP/lab3/build/CMakeFiles/CMakeTmp/Debug/cmTC_4220d.pdb" /SUBSYSTEM:CONSOLE /TLBID:1 /DYNAMICBASE /NXCOMPAT /IMPLIB:"C:/Users/has163/DESKTOP/lab3/build/CMakeFiles/CMakeTmp/Debug/cmTC_4220d.lib" /MACHINE:X64  /machine:x64 cmTC_4220d.dir\Debug\CheckFunctionExists.obj
CheckFunctionExists.obj : error LNK2019: unresolved external symbol strcasecmp referenced in function main [C:\Users\has163\DESKTOP\lab3\build\CMakeFiles\CMakeTmp\cmTC_4220d.vcxproj]
C:\Users\has163\DESKTOP\lab3\build\CMakeFiles\CMakeTmp\Debug\cmTC_4220d.exe : fatal error LNK1120: 1 unresolved externals [C:\Users\has163\DESKTOP\lab3\build\CMakeFiles\CMakeTmp\cmTC_4220d.vcxproj]
Done Building Project "C:\Users\has163\DESKTOP\lab3\build\CMakeFiles\CMakeTmp\cmTC_4220d.vcxproj" (default targets) -- FAILED.

Build FAILED.

"C:\Users\has163\DESKTOP\lab3\build\CMakeFiles\CMakeTmp\cmTC_4220d.vcxproj" (default target) (1) ->
(Link target) -> 
  CheckFunctionExists.obj : error LNK2019: unresolved external symbol strcasecmp referenced in function main [C:\Users\has163\DESKTOP\lab3\build\CMakeFiles\CMakeTmp\cmTC_4220d.vcxproj]
  C:\Users\has163\DESKTOP\lab3\build\CMakeFiles\CMakeTmp\Debug\cmTC_4220d.exe : fatal error LNK1120: 1 unresolved externals [C:\Users\has163\DESKTOP\lab3\build\CMakeFiles\CMakeTmp\cmTC_4220d.vcxproj]

    0 Warning(s)
    2 Error(s)

Time Elapsed 00:00:00.72


Determining size of ssize_t failed with the following output:
Change Dir: C:/Users/has163/DESKTOP/lab3/build/CMakeFiles/CMakeTmp

Run Build Command:"C:/Program Files (x86)/Microsoft Visual Studio/2017/Professional/MSBuild/15.0/Bin/MSBuild.exe" "cmTC_f84f8.vcxproj" "/p:Configuration=Debug" "/p:VisualStudioVersion=15.0"
Microsoft (R) Build Engine version 15.6.82.30579 for .NET Framework
Copyright (C) Microsoft Corporation. All rights reserved.

Build started 11/5/2020 3:59:11 PM.
Project "C:\Users\has163\DESKTOP\lab3\build\CMakeFiles\CMakeTmp\cmTC_f84f8.vcxproj" on node 1 (default targets).
PrepareForBuild:
  Creating directory "cmTC_f84f8.dir\Debug\".
  Creating directory "C:\Users\has163\DESKTOP\lab3\build\CMakeFiles\CMakeTmp\Debug\".
  Creating directory "cmTC_f84f8.dir\Debug\cmTC_f84f8.tlog\".
InitializeBuildStatus:
  Creating "cmTC_f84f8.dir\Debug\cmTC_f84f8.tlog\unsuccessfulbuild" because "AlwaysCreate" was specified.
ClCompile:
  C:\Program Files (x86)\Microsoft Visual Studio\2017\Professional\VC\Tools\MSVC\14.13.26128\bin\HostX86\x64\CL.exe /c /Zi /W3 /WX- /diagnostics:classic /Od /Ob0 /D WIN32 /D _WINDOWS /D "CMAKE_INTDIR=\"Debug\"" /D _MBCS /Gm- /RTC1 /MDd /GS /fp:precise /Zc:wchar_t /Zc:forScope /Zc:inline /Fo"cmTC_f84f8.dir\Debug\\" /Fd"cmTC_f84f8.dir\Debug\vc141.pdb" /Gd /TC /FC /errorReport:queue C:\Users\has163\DESKTOP\lab3\build\CMakeFiles\CheckTypeSize\SSIZE_T.c
  Microsoft (R) C/C++ Optimizing Compiler Version 19.13.26128 for x64
  Copyright (C) Microsoft Corporation.  All rights reserved.
  
  cl /c /Zi /W3 /WX- /diagnostics:classic /Od /Ob0 /D WIN32 /D _WINDOWS /D "CMAKE_INTDIR=\"Debug\"" /D _MBCS /Gm- /RTC1 /MDd /GS /fp:precise /Zc:wchar_t /Zc:forScope /Zc:inline /Fo"cmTC_f84f8.dir\Debug\\" /Fd"cmTC_f84f8.dir\Debug\vc141.pdb" /Gd /TC /FC /errorReport:queue C:\Users\has163\DESKTOP\lab3\build\CMakeFiles\CheckTypeSize\SSIZE_T.c
  SSIZE_T.c
  
c:\users\has163\desktop\lab3\build\cmakefiles\checktypesize\ssize_t.c(25): error C2065: 'ssize_t': undeclared identifier [C:\Users\has163\DESKTOP\lab3\build\CMakeFiles\CMakeTmp\cmTC_f84f8.vcxproj]
c:\users\has163\desktop\lab3\build\cmakefiles\checktypesize\ssize_t.c(26): error C2065: 'ssize_t': undeclared identifier [C:\Users\has163\DESKTOP\lab3\build\CMakeFiles\CMakeTmp\cmTC_f84f8.vcxproj]
c:\users\has163\desktop\lab3\build\cmakefiles\checktypesize\ssize_t.c(27): error C2065: 'ssize_t': undeclared identifier [C:\Users\has163\DESKTOP\lab3\build\CMakeFiles\CMakeTmp\cmTC_f84f8.vcxproj]
c:\users\has163\desktop\lab3\build\cmakefiles\checktypesize\ssize_t.c(28): error C2065: 'ssize_t': undeclared identifier [C:\Users\has163\DESKTOP\lab3\build\CMakeFiles\CMakeTmp\cmTC_f84f8.vcxproj]
c:\users\has163\desktop\lab3\build\cmakefiles\checktypesize\ssize_t.c(29): error C2065: 'ssize_t': undeclared identifier [C:\Users\has163\DESKTOP\lab3\build\CMakeFiles\CMakeTmp\cmTC_f84f8.vcxproj]
Done Building Project "C:\Users\has163\DESKTOP\lab3\build\CMakeFiles\CMakeTmp\cmTC_f84f8.vcxproj" (default targets) -- FAILED.

Build FAILED.

"C:\Users\has163\DESKTOP\lab3\build\CMakeFiles\CMakeTmp\cmTC_f84f8.vcxproj" (default target) (1) ->
(ClCompile target) -> 
  c:\users\has163\desktop\lab3\build\cmakefiles\checktypesize\ssize_t.c(25): error C2065: 'ssize_t': undeclared identifier [C:\Users\has163\DESKTOP\lab3\build\CMakeFiles\CMakeTmp\cmTC_f84f8.vcxproj]
  c:\users\has163\desktop\lab3\build\cmakefiles\checktypesize\ssize_t.c(26): error C2065: 'ssize_t': undeclared identifier [C:\Users\has163\DESKTOP\lab3\build\CMakeFiles\CMakeTmp\cmTC_f84f8.vcxproj]
  c:\users\has163\desktop\lab3\build\cmakefiles\checktypesize\ssize_t.c(27): error C2065: 'ssize_t': undeclared identifier [C:\Users\has163\DESKTOP\lab3\build\CMakeFiles\CMakeTmp\cmTC_f84f8.vcxproj]
  c:\users\has163\desktop\lab3\build\cmakefiles\checktypesize\ssize_t.c(28): error C2065: 'ssize_t': undeclared identifier [C:\Users\has163\DESKTOP\lab3\build\CMakeFiles\CMakeTmp\cmTC_f84f8.vcxproj]
  c:\users\has163\desktop\lab3\build\cmakefiles\checktypesize\ssize_t.c(29): error C2065: 'ssize_t': undeclared identifier [C:\Users\has163\DESKTOP\lab3\build\CMakeFiles\CMakeTmp\cmTC_f84f8.vcxproj]

    0 Warning(s)
    5 Error(s)

Time Elapsed 00:00:00.54

C:/Users/has163/DESKTOP/lab3/build/CMakeFiles/CheckTypeSize/SSIZE_T.c:
#include <sys/types.h>
#include <stdint.h>
#include <stddef.h>


#undef KEY
#if defined(__i386)
# define KEY '_','_','i','3','8','6'
#elif defined(__x86_64)
# define KEY '_','_','x','8','6','_','6','4'
#elif defined(__ppc__)
# define KEY '_','_','p','p','c','_','_'
#elif defined(__ppc64__)
# define KEY '_','_','p','p','c','6','4','_','_'
#elif defined(__aarch64__)
# define KEY '_','_','a','a','r','c','h','6','4','_','_'
#elif defined(__ARM_ARCH_7A__)
# define KEY '_','_','A','R','M','_','A','R','C','H','_','7','A','_','_'
#elif defined(__ARM_ARCH_7S__)
# define KEY '_','_','A','R','M','_','A','R','C','H','_','7','S','_','_'
#endif

#define SIZE (sizeof(ssize_t))
char info_size[] =  {'I', 'N', 'F', 'O', ':', 's','i','z','e','[',
  ('0' + ((SIZE / 10000)%10)),
  ('0' + ((SIZE / 1000)%10)),
  ('0' + ((SIZE / 100)%10)),
  ('0' + ((SIZE / 10)%10)),
  ('0' +  (SIZE    % 10)),
  ']',
#ifdef KEY
  ' ','k','e','y','[', KEY, ']',
#endif
  '\0'};

#ifdef __CLASSIC_C__
int main(argc, argv) int argc; char *argv[];
#else
int main(int argc, char *argv[])
#endif
{
  int require = 0;
  require += info_size[argc];
  (void)argv;
  return require;
}


Determining if the setmod exist failed with the following output:
Change Dir: C:/Users/has163/DESKTOP/lab3/build/CMakeFiles/CMakeTmp

Run Build Command:"C:/Program Files (x86)/Microsoft Visual Studio/2017/Professional/MSBuild/15.0/Bin/MSBuild.exe" "cmTC_cb521.vcxproj" "/p:Configuration=Debug" "/p:VisualStudioVersion=15.0"
Microsoft (R) Build Engine version 15.6.82.30579 for .NET Framework
Copyright (C) Microsoft Corporation. All rights reserved.

Build started 11/5/2020 3:59:17 PM.
Project "C:\Users\has163\DESKTOP\lab3\build\CMakeFiles\CMakeTmp\cmTC_cb521.vcxproj" on node 1 (default targets).
PrepareForBuild:
  Creating directory "cmTC_cb521.dir\Debug\".
  Creating directory "C:\Users\has163\DESKTOP\lab3\build\CMakeFiles\CMakeTmp\Debug\".
  Creating directory "cmTC_cb521.dir\Debug\cmTC_cb521.tlog\".
InitializeBuildStatus:
  Creating "cmTC_cb521.dir\Debug\cmTC_cb521.tlog\unsuccessfulbuild" because "AlwaysCreate" was specified.
ClCompile:
  C:\Program Files (x86)\Microsoft Visual Studio\2017\Professional\VC\Tools\MSVC\14.13.26128\bin\HostX86\x64\CL.exe /c /Zi /W3 /WX- /diagnostics:classic /Od /Ob0 /D WIN32 /D _WINDOWS /D "CMAKE_INTDIR=\"Debug\"" /D _MBCS /Gm- /RTC1 /MDd /GS /fp:precise /Zc:wchar_t /Zc:forScope /Zc:inline /Fo"cmTC_cb521.dir\Debug\\" /Fd"cmTC_cb521.dir\Debug\vc141.pdb" /Gd /TC /FC /errorReport:queue C:\Users\has163\DESKTOP\lab3\build\CMakeFiles\CMakeTmp\CheckSymbolExists.c
  Microsoft (R) C/C++ Optimizing Compiler Version 19.13.26128 for x64
  Copyright (C) Microsoft Corporation.  All rights reserved.
  
  cl /c /Zi /W3 /WX- /diagnostics:classic /Od /Ob0 /D WIN32 /D _WINDOWS /D "CMAKE_INTDIR=\"Debug\"" /D _MBCS /Gm- /RTC1 /MDd /GS /fp:precise /Zc:wchar_t /Zc:forScope /Zc:inline /Fo"cmTC_cb521.dir\Debug\\" /Fd"cmTC_cb521.dir\Debug\vc141.pdb" /Gd /TC /FC /errorReport:queue C:\Users\has163\DESKTOP\lab3\build\CMakeFiles\CMakeTmp\CheckSymbolExists.c
  CheckSymbolExists.c
  
c:\users\has163\desktop\lab3\build\cmakefiles\cmaketmp\checksymbolexists.c(8): error C2065: 'setmod': undeclared identifier [C:\Users\has163\DESKTOP\lab3\build\CMakeFiles\CMakeTmp\cmTC_cb521.vcxproj]
Done Building Project "C:\Users\has163\DESKTOP\lab3\build\CMakeFiles\CMakeTmp\cmTC_cb521.vcxproj" (default targets) -- FAILED.

Build FAILED.

"C:\Users\has163\DESKTOP\lab3\build\CMakeFiles\CMakeTmp\cmTC_cb521.vcxproj" (default target) (1) ->
(ClCompile target) -> 
  c:\users\has163\desktop\lab3\build\cmakefiles\cmaketmp\checksymbolexists.c(8): error C2065: 'setmod': undeclared identifier [C:\Users\has163\DESKTOP\lab3\build\CMakeFiles\CMakeTmp\cmTC_cb521.vcxproj]

    0 Warning(s)
    1 Error(s)

Time Elapsed 00:00:00.55

File C:/Users/has163/DESKTOP/lab3/build/CMakeFiles/CMakeTmp/CheckSymbolExists.c:
/* */
#include <io.h>

int main(int argc, char** argv)
{
  (void)argv;
#ifndef setmod
  return ((int*)(&setmod))[argc];
#else
  (void)argc;
  return 0;
#endif
}

